2023-10-18 20:01:14|DEBUG|Created account: 2
2023-10-18 20:01:23|DEBUG|Bank requested successfully.
2023-10-18 20:02:23|DEBUG|Bank requested successfully.
2023-10-18 20:02:25|DEBUG|Created account: 3
2023-10-18 20:02:25|ERROR|Error adding account to session: 'Bank' object has no attribute '_session'
2023-10-18 20:02:25|DEBUG|Bank session committed successfully.
2023-10-18 20:03:45|DEBUG|Existing bank requested successfully.
2023-10-18 20:05:55|DEBUG|Existing bank requested successfully.
2023-10-18 20:07:41|DEBUG|Existing bank requested successfully.
2023-10-18 20:09:30|DEBUG|Created transaction: 1, 0.3034
2023-10-18 20:09:30|DEBUG|Transaction added to session.
2023-10-18 20:09:30|DEBUG|Fees and Interest session committed successfully.
2023-10-18 20:09:30|DEBUG|Triggered interest and fees
2023-10-18 20:16:38|DEBUG|Existing bank requested successfully.
2023-10-18 20:16:49|DEBUG|Existing bank requested successfully.
2023-10-18 20:18:11|DEBUG|Existing bank requested successfully.
2023-10-18 20:19:21|DEBUG|Created transaction: 3, -23
2023-10-18 20:19:41|DEBUG|Created transaction: 1, -34
2023-10-18 20:19:45|DEBUG|Created transaction: 1, -34
2023-10-18 20:19:45|DEBUG|Transaction added to session.
2023-10-18 20:19:45|DEBUG|Session for transactions committed successfully.
2023-10-18 20:20:01|DEBUG|Existing bank requested successfully.
2023-10-18 20:20:18|DEBUG|Existing bank requested successfully.
2023-10-18 20:20:29|DEBUG|Existing bank requested successfully.
2023-10-18 20:20:34|DEBUG|Existing bank requested successfully.
2023-10-18 20:23:06|DEBUG|Existing bank requested successfully.
2023-10-18 20:23:16|DEBUG|Existing bank requested successfully.
2023-10-18 20:23:29|DEBUG|Existing bank requested successfully.
2023-10-18 20:23:59|DEBUG|Existing bank requested successfully.
2023-10-18 20:24:15|DEBUG|Existing bank requested successfully.
2023-10-18 20:24:36|DEBUG|Existing bank requested successfully.
2023-10-18 20:25:03|DEBUG|Existing bank requested successfully.
2023-10-18 20:25:37|DEBUG|Existing bank requested successfully.
2023-10-18 20:25:49|DEBUG|Existing bank requested successfully.
2023-10-18 20:25:58|DEBUG|Existing bank requested successfully.
2023-10-18 20:28:10|DEBUG|Created transaction: 2, 20
2023-10-18 20:28:10|DEBUG|Transaction added to session.
2023-10-18 20:28:10|DEBUG|Session for transactions committed successfully.
2023-10-18 20:28:11|DEBUG|Created transaction: 2, 0.016
2023-10-18 20:28:11|DEBUG|Transaction added to session.
2023-10-18 20:28:11|DEBUG|Created transaction: 2, -5.44
2023-10-18 20:28:11|DEBUG|Transaction added to session.
2023-10-18 20:28:11|DEBUG|Fees and Interest session committed successfully.
2023-10-18 20:28:11|DEBUG|Triggered interest and fees
2023-10-18 20:31:21|DEBUG|Existing bank requested successfully.
2023-10-18 20:33:10|DEBUG|Existing bank requested successfully.
2023-10-18 20:33:32|DEBUG|Existing bank requested successfully.
2023-10-18 20:36:13|DEBUG|Existing bank requested successfully.
2023-10-18 20:45:12|ERROR|Error requesting bank from the database: name 'Ban' is not defined
2023-10-18 20:45:17|ERROR|AttributeError: "'BankGUI' object has no attribute '_bank'"
2023-10-18 20:45:22|DEBUG|Existing bank requested successfully.
2023-10-18 20:45:30|DEBUG|Existing bank requested successfully.
2023-10-18 20:45:30|DEBUG|Bank added to session.
2023-10-18 20:45:30|DEBUG|Bank session committed successfully.
2023-10-18 20:46:52|DEBUG|Created account: 1
2023-10-18 20:46:52|ERROR|Error adding account to session: 'Bank' object has no attribute '_session'
2023-10-18 20:46:52|DEBUG|Bank session committed successfully.
2023-10-18 20:47:00|DEBUG|Created transaction: 1, 50
2023-10-18 20:47:00|DEBUG|Transaction added to session.
2023-10-18 20:47:00|DEBUG|Session for transactions committed successfully.
2023-10-18 20:47:03|DEBUG|Created transaction: 1, 0.20500000000000002
2023-10-18 20:47:03|DEBUG|Transaction added to session.
2023-10-18 20:47:03|DEBUG|Fees and Interest session committed successfully.
2023-10-18 20:47:03|DEBUG|Triggered interest and fees
2023-10-18 20:47:08|DEBUG|Created account: 2
2023-10-18 20:47:08|ERROR|Error adding account to session: 'Bank' object has no attribute '_session'
2023-10-18 20:47:08|DEBUG|Bank session committed successfully.
2023-10-18 20:47:15|DEBUG|Created transaction: 2, 40
2023-10-18 20:47:15|DEBUG|Transaction added to session.
2023-10-18 20:47:15|DEBUG|Session for transactions committed successfully.
2023-10-18 20:47:25|DEBUG|Created transaction: 2, 0.032
2023-10-18 20:47:25|DEBUG|Transaction added to session.
2023-10-18 20:47:25|DEBUG|Created transaction: 2, -5.44
2023-10-18 20:47:25|DEBUG|Transaction added to session.
2023-10-18 20:47:25|DEBUG|Fees and Interest session committed successfully.
2023-10-18 20:47:25|DEBUG|Triggered interest and fees
2023-10-18 20:47:45|DEBUG|Created account: 3
2023-10-18 20:47:45|ERROR|Error adding account to session: 'Bank' object has no attribute '_session'
2023-10-18 20:47:45|DEBUG|Bank session committed successfully.
2023-10-18 20:47:57|DEBUG|Created transaction: 3, 1000000000
2023-10-18 20:47:57|DEBUG|Transaction added to session.
2023-10-18 20:47:57|DEBUG|Session for transactions committed successfully.
2023-10-18 20:48:02|DEBUG|Created transaction: 3, 800000.0
2023-10-18 20:48:02|DEBUG|Transaction added to session.
2023-10-18 20:48:02|DEBUG|Fees and Interest session committed successfully.
2023-10-18 20:48:02|DEBUG|Triggered interest and fees
2023-10-18 21:04:15|DEBUG|Existing bank requested successfully.
2023-10-18 21:04:30|DEBUG|Existing bank requested successfully.
2023-10-18 21:06:05|DEBUG|Created transaction: 2, 0
2023-10-18 21:06:05|DEBUG|Transaction added to session.
2023-10-18 21:06:05|DEBUG|Session for transactions committed successfully.
2023-10-18 21:06:06|DEBUG|Created transaction: 2, 0.0276736
2023-10-18 21:06:06|DEBUG|Transaction added to session.
2023-10-18 21:06:06|DEBUG|Created transaction: 2, -5.44
2023-10-18 21:06:06|DEBUG|Transaction added to session.
2023-10-18 21:06:06|DEBUG|Fees and Interest session committed successfully.
2023-10-18 21:06:06|DEBUG|Triggered interest and fees
2023-10-18 21:06:21|DEBUG|Created transaction: 2, 0
2023-10-18 21:06:21|DEBUG|Transaction added to session.
2023-10-18 21:06:21|DEBUG|Session for transactions committed successfully.
2023-10-18 21:06:23|DEBUG|Created transaction: 2, 0.02334373888
2023-10-18 21:06:23|DEBUG|Transaction added to session.
2023-10-18 21:06:23|DEBUG|Created transaction: 2, -5.44
2023-10-18 21:06:23|DEBUG|Transaction added to session.
2023-10-18 21:06:23|DEBUG|Fees and Interest session committed successfully.
2023-10-18 21:06:23|DEBUG|Triggered interest and fees
2023-10-18 21:10:10|DEBUG|Existing bank requested successfully.
2023-10-18 21:10:19|DEBUG|Created account: 4
2023-10-18 21:10:19|ERROR|Error adding account to session: 'Bank' object has no attribute '_session'
2023-10-18 21:10:19|DEBUG|Bank session committed successfully.
